2021-07-03 15:37:48,197 [WARN ] pool-2-thread-1 org.pytorch.serve.metrics.MetricCollector - worker pid is not available yet.
2021-07-03 15:38:25,775 [ERROR] epollEventLoopGroup-5-3 org.pytorch.serve.wlm.WorkerThread - Unknown exception
io.netty.handler.codec.DecoderException: java.lang.IndexOutOfBoundsException: readerIndex(196608) + length(4) exceeds writerIndex(196608): PooledUnsafeDirectByteBuf(ridx: 196608, widx: 196608, cap: 262144)
	at io.netty.handler.codec.ByteToMessageDecoder.callDecode(ByteToMessageDecoder.java:471)
	at io.netty.handler.codec.ByteToMessageDecoder.channelRead(ByteToMessageDecoder.java:276)
	at io.netty.channel.AbstractChannelHandlerContext.invokeChannelRead(AbstractChannelHandlerContext.java:379)
	at io.netty.channel.AbstractChannelHandlerContext.invokeChannelRead(AbstractChannelHandlerContext.java:365)
	at io.netty.channel.AbstractChannelHandlerContext.fireChannelRead(AbstractChannelHandlerContext.java:357)
	at io.netty.channel.DefaultChannelPipeline$HeadContext.channelRead(DefaultChannelPipeline.java:1410)
	at io.netty.channel.AbstractChannelHandlerContext.invokeChannelRead(AbstractChannelHandlerContext.java:379)
	at io.netty.channel.AbstractChannelHandlerContext.invokeChannelRead(AbstractChannelHandlerContext.java:365)
	at io.netty.channel.DefaultChannelPipeline.fireChannelRead(DefaultChannelPipeline.java:919)
	at io.netty.channel.epoll.AbstractEpollStreamChannel$EpollStreamUnsafe.epollInReady(AbstractEpollStreamChannel.java:795)
	at io.netty.channel.epoll.EpollDomainSocketChannel$EpollDomainUnsafe.epollInReady(EpollDomainSocketChannel.java:138)
	at io.netty.channel.epoll.EpollEventLoop.processReady(EpollEventLoop.java:475)
	at io.netty.channel.epoll.EpollEventLoop.run(EpollEventLoop.java:378)
	at io.netty.util.concurrent.SingleThreadEventExecutor$4.run(SingleThreadEventExecutor.java:989)
	at io.netty.util.internal.ThreadExecutorMap$2.run(ThreadExecutorMap.java:74)
	at io.netty.util.concurrent.FastThreadLocalRunnable.run(FastThreadLocalRunnable.java:30)
	at java.base/java.lang.Thread.run(Thread.java:829)
Caused by: java.lang.IndexOutOfBoundsException: readerIndex(196608) + length(4) exceeds writerIndex(196608): PooledUnsafeDirectByteBuf(ridx: 196608, widx: 196608, cap: 262144)
	at io.netty.buffer.AbstractByteBuf.checkReadableBytes0(AbstractByteBuf.java:1478)
	at io.netty.buffer.AbstractByteBuf.readInt(AbstractByteBuf.java:811)
	at org.pytorch.serve.util.codec.ModelResponseDecoder.decode(ModelResponseDecoder.java:56)
	at io.netty.handler.codec.ByteToMessageDecoder.decodeRemovalReentryProtection(ByteToMessageDecoder.java:501)
	at io.netty.handler.codec.ByteToMessageDecoder.callDecode(ByteToMessageDecoder.java:440)
	... 16 more
2021-07-03 15:38:25,779 [ERROR] epollEventLoopGroup-5-3 org.pytorch.serve.wlm.WorkerThread - Unknown exception
io.netty.handler.codec.DecoderException: java.lang.IndexOutOfBoundsException: readerIndex(196608) + length(4) exceeds writerIndex(196608): PooledUnsafeDirectByteBuf(ridx: 196608, widx: 196608, cap: 262144)
	at io.netty.handler.codec.ByteToMessageDecoder.callDecode(ByteToMessageDecoder.java:471)
	at io.netty.handler.codec.ByteToMessageDecoder.channelInputClosed(ByteToMessageDecoder.java:404)
	at io.netty.handler.codec.ByteToMessageDecoder.channelInputClosed(ByteToMessageDecoder.java:371)
	at io.netty.handler.codec.ByteToMessageDecoder.channelInactive(ByteToMessageDecoder.java:354)
	at io.netty.channel.AbstractChannelHandlerContext.invokeChannelInactive(AbstractChannelHandlerContext.java:262)
	at io.netty.channel.AbstractChannelHandlerContext.invokeChannelInactive(AbstractChannelHandlerContext.java:248)
	at io.netty.channel.AbstractChannelHandlerContext.fireChannelInactive(AbstractChannelHandlerContext.java:241)
	at io.netty.channel.DefaultChannelPipeline$HeadContext.channelInactive(DefaultChannelPipeline.java:1405)
	at io.netty.channel.AbstractChannelHandlerContext.invokeChannelInactive(AbstractChannelHandlerContext.java:262)
	at io.netty.channel.AbstractChannelHandlerContext.invokeChannelInactive(AbstractChannelHandlerContext.java:248)
	at io.netty.channel.DefaultChannelPipeline.fireChannelInactive(DefaultChannelPipeline.java:901)
	at io.netty.channel.AbstractChannel$AbstractUnsafe$8.run(AbstractChannel.java:819)
	at io.netty.util.concurrent.AbstractEventExecutor.safeExecute(AbstractEventExecutor.java:164)
	at io.netty.util.concurrent.SingleThreadEventExecutor.runAllTasks(SingleThreadEventExecutor.java:472)
	at io.netty.channel.epoll.EpollEventLoop.run(EpollEventLoop.java:384)
	at io.netty.util.concurrent.SingleThreadEventExecutor$4.run(SingleThreadEventExecutor.java:989)
	at io.netty.util.internal.ThreadExecutorMap$2.run(ThreadExecutorMap.java:74)
	at io.netty.util.concurrent.FastThreadLocalRunnable.run(FastThreadLocalRunnable.java:30)
	at java.base/java.lang.Thread.run(Thread.java:829)
Caused by: java.lang.IndexOutOfBoundsException: readerIndex(196608) + length(4) exceeds writerIndex(196608): PooledUnsafeDirectByteBuf(ridx: 196608, widx: 196608, cap: 262144)
	at io.netty.buffer.AbstractByteBuf.checkReadableBytes0(AbstractByteBuf.java:1478)
	at io.netty.buffer.AbstractByteBuf.readInt(AbstractByteBuf.java:811)
	at org.pytorch.serve.util.codec.ModelResponseDecoder.decode(ModelResponseDecoder.java:56)
	at io.netty.handler.codec.ByteToMessageDecoder.decodeRemovalReentryProtection(ByteToMessageDecoder.java:501)
	at io.netty.handler.codec.ByteToMessageDecoder.callDecode(ByteToMessageDecoder.java:440)
	... 18 more
2021-07-03 15:38:25,799 [WARN ] W-9002-dummy_1.0 org.pytorch.serve.wlm.WorkerLifeCycle - terminateIOStreams() threadName=W-9002-dummy_1.0-stderr
2021-07-03 15:38:25,799 [WARN ] W-9002-dummy_1.0 org.pytorch.serve.wlm.WorkerLifeCycle - terminateIOStreams() threadName=W-9002-dummy_1.0-stdout
2021-07-03 15:38:28,509 [ERROR] epollEventLoopGroup-5-1 org.pytorch.serve.wlm.WorkerThread - Unknown exception
io.netty.handler.codec.DecoderException: java.lang.IndexOutOfBoundsException: readerIndex(65534) + length(4) exceeds writerIndex(65536): PooledUnsafeDirectByteBuf(ridx: 65534, widx: 65536, cap: 65536)
	at io.netty.handler.codec.ByteToMessageDecoder.callDecode(ByteToMessageDecoder.java:471)
	at io.netty.handler.codec.ByteToMessageDecoder.channelRead(ByteToMessageDecoder.java:276)
	at io.netty.channel.AbstractChannelHandlerContext.invokeChannelRead(AbstractChannelHandlerContext.java:379)
	at io.netty.channel.AbstractChannelHandlerContext.invokeChannelRead(AbstractChannelHandlerContext.java:365)
	at io.netty.channel.AbstractChannelHandlerContext.fireChannelRead(AbstractChannelHandlerContext.java:357)
	at io.netty.channel.DefaultChannelPipeline$HeadContext.channelRead(DefaultChannelPipeline.java:1410)
	at io.netty.channel.AbstractChannelHandlerContext.invokeChannelRead(AbstractChannelHandlerContext.java:379)
	at io.netty.channel.AbstractChannelHandlerContext.invokeChannelRead(AbstractChannelHandlerContext.java:365)
	at io.netty.channel.DefaultChannelPipeline.fireChannelRead(DefaultChannelPipeline.java:919)
	at io.netty.channel.epoll.AbstractEpollStreamChannel$EpollStreamUnsafe.epollInReady(AbstractEpollStreamChannel.java:795)
	at io.netty.channel.epoll.EpollDomainSocketChannel$EpollDomainUnsafe.epollInReady(EpollDomainSocketChannel.java:138)
	at io.netty.channel.epoll.EpollEventLoop.processReady(EpollEventLoop.java:475)
	at io.netty.channel.epoll.EpollEventLoop.run(EpollEventLoop.java:378)
	at io.netty.util.concurrent.SingleThreadEventExecutor$4.run(SingleThreadEventExecutor.java:989)
	at io.netty.util.internal.ThreadExecutorMap$2.run(ThreadExecutorMap.java:74)
	at io.netty.util.concurrent.FastThreadLocalRunnable.run(FastThreadLocalRunnable.java:30)
	at java.base/java.lang.Thread.run(Thread.java:829)
Caused by: java.lang.IndexOutOfBoundsException: readerIndex(65534) + length(4) exceeds writerIndex(65536): PooledUnsafeDirectByteBuf(ridx: 65534, widx: 65536, cap: 65536)
	at io.netty.buffer.AbstractByteBuf.checkReadableBytes0(AbstractByteBuf.java:1478)
	at io.netty.buffer.AbstractByteBuf.readInt(AbstractByteBuf.java:811)
	at org.pytorch.serve.util.codec.ModelResponseDecoder.decode(ModelResponseDecoder.java:56)
	at io.netty.handler.codec.ByteToMessageDecoder.decodeRemovalReentryProtection(ByteToMessageDecoder.java:501)
	at io.netty.handler.codec.ByteToMessageDecoder.callDecode(ByteToMessageDecoder.java:440)
	... 16 more
2021-07-03 15:38:28,510 [ERROR] epollEventLoopGroup-5-1 org.pytorch.serve.wlm.WorkerThread - Unknown exception
io.netty.handler.codec.DecoderException: java.lang.IndexOutOfBoundsException: readerIndex(65534) + length(4) exceeds writerIndex(65536): PooledUnsafeDirectByteBuf(ridx: 65534, widx: 65536, cap: 65536)
	at io.netty.handler.codec.ByteToMessageDecoder.callDecode(ByteToMessageDecoder.java:471)
	at io.netty.handler.codec.ByteToMessageDecoder.channelInputClosed(ByteToMessageDecoder.java:404)
	at io.netty.handler.codec.ByteToMessageDecoder.channelInputClosed(ByteToMessageDecoder.java:371)
	at io.netty.handler.codec.ByteToMessageDecoder.channelInactive(ByteToMessageDecoder.java:354)
	at io.netty.channel.AbstractChannelHandlerContext.invokeChannelInactive(AbstractChannelHandlerContext.java:262)
	at io.netty.channel.AbstractChannelHandlerContext.invokeChannelInactive(AbstractChannelHandlerContext.java:248)
	at io.netty.channel.AbstractChannelHandlerContext.fireChannelInactive(AbstractChannelHandlerContext.java:241)
	at io.netty.channel.DefaultChannelPipeline$HeadContext.channelInactive(DefaultChannelPipeline.java:1405)
	at io.netty.channel.AbstractChannelHandlerContext.invokeChannelInactive(AbstractChannelHandlerContext.java:262)
	at io.netty.channel.AbstractChannelHandlerContext.invokeChannelInactive(AbstractChannelHandlerContext.java:248)
	at io.netty.channel.DefaultChannelPipeline.fireChannelInactive(DefaultChannelPipeline.java:901)
	at io.netty.channel.AbstractChannel$AbstractUnsafe$8.run(AbstractChannel.java:819)
	at io.netty.util.concurrent.AbstractEventExecutor.safeExecute(AbstractEventExecutor.java:164)
	at io.netty.util.concurrent.SingleThreadEventExecutor.runAllTasks(SingleThreadEventExecutor.java:472)
	at io.netty.channel.epoll.EpollEventLoop.run(EpollEventLoop.java:384)
	at io.netty.util.concurrent.SingleThreadEventExecutor$4.run(SingleThreadEventExecutor.java:989)
	at io.netty.util.internal.ThreadExecutorMap$2.run(ThreadExecutorMap.java:74)
	at io.netty.util.concurrent.FastThreadLocalRunnable.run(FastThreadLocalRunnable.java:30)
	at java.base/java.lang.Thread.run(Thread.java:829)
Caused by: java.lang.IndexOutOfBoundsException: readerIndex(65534) + length(4) exceeds writerIndex(65536): PooledUnsafeDirectByteBuf(ridx: 65534, widx: 65536, cap: 65536)
	at io.netty.buffer.AbstractByteBuf.checkReadableBytes0(AbstractByteBuf.java:1478)
	at io.netty.buffer.AbstractByteBuf.readInt(AbstractByteBuf.java:811)
	at org.pytorch.serve.util.codec.ModelResponseDecoder.decode(ModelResponseDecoder.java:56)
	at io.netty.handler.codec.ByteToMessageDecoder.decodeRemovalReentryProtection(ByteToMessageDecoder.java:501)
	at io.netty.handler.codec.ByteToMessageDecoder.callDecode(ByteToMessageDecoder.java:440)
	... 18 more
2021-07-03 15:38:28,520 [WARN ] W-9001-dummy_1.0 org.pytorch.serve.wlm.WorkerLifeCycle - terminateIOStreams() threadName=W-9001-dummy_1.0-stderr
2021-07-03 15:38:28,520 [WARN ] W-9001-dummy_1.0 org.pytorch.serve.wlm.WorkerLifeCycle - terminateIOStreams() threadName=W-9001-dummy_1.0-stdout
2021-07-03 15:38:31,386 [ERROR] epollEventLoopGroup-5-2 org.pytorch.serve.wlm.WorkerThread - Unknown exception
io.netty.handler.codec.DecoderException: java.lang.IndexOutOfBoundsException: readerIndex(65533) + length(4) exceeds writerIndex(65536): PooledUnsafeDirectByteBuf(ridx: 65533, widx: 65536, cap: 65536)
	at io.netty.handler.codec.ByteToMessageDecoder.callDecode(ByteToMessageDecoder.java:471)
	at io.netty.handler.codec.ByteToMessageDecoder.channelRead(ByteToMessageDecoder.java:276)
	at io.netty.channel.AbstractChannelHandlerContext.invokeChannelRead(AbstractChannelHandlerContext.java:379)
	at io.netty.channel.AbstractChannelHandlerContext.invokeChannelRead(AbstractChannelHandlerContext.java:365)
	at io.netty.channel.AbstractChannelHandlerContext.fireChannelRead(AbstractChannelHandlerContext.java:357)
	at io.netty.channel.DefaultChannelPipeline$HeadContext.channelRead(DefaultChannelPipeline.java:1410)
	at io.netty.channel.AbstractChannelHandlerContext.invokeChannelRead(AbstractChannelHandlerContext.java:379)
	at io.netty.channel.AbstractChannelHandlerContext.invokeChannelRead(AbstractChannelHandlerContext.java:365)
	at io.netty.channel.DefaultChannelPipeline.fireChannelRead(DefaultChannelPipeline.java:919)
	at io.netty.channel.epoll.AbstractEpollStreamChannel$EpollStreamUnsafe.epollInReady(AbstractEpollStreamChannel.java:795)
	at io.netty.channel.epoll.EpollDomainSocketChannel$EpollDomainUnsafe.epollInReady(EpollDomainSocketChannel.java:138)
	at io.netty.channel.epoll.EpollEventLoop.processReady(EpollEventLoop.java:475)
	at io.netty.channel.epoll.EpollEventLoop.run(EpollEventLoop.java:378)
	at io.netty.util.concurrent.SingleThreadEventExecutor$4.run(SingleThreadEventExecutor.java:989)
	at io.netty.util.internal.ThreadExecutorMap$2.run(ThreadExecutorMap.java:74)
	at io.netty.util.concurrent.FastThreadLocalRunnable.run(FastThreadLocalRunnable.java:30)
	at java.base/java.lang.Thread.run(Thread.java:829)
Caused by: java.lang.IndexOutOfBoundsException: readerIndex(65533) + length(4) exceeds writerIndex(65536): PooledUnsafeDirectByteBuf(ridx: 65533, widx: 65536, cap: 65536)
	at io.netty.buffer.AbstractByteBuf.checkReadableBytes0(AbstractByteBuf.java:1478)
	at io.netty.buffer.AbstractByteBuf.readInt(AbstractByteBuf.java:811)
	at org.pytorch.serve.util.codec.ModelResponseDecoder.decode(ModelResponseDecoder.java:56)
	at io.netty.handler.codec.ByteToMessageDecoder.decodeRemovalReentryProtection(ByteToMessageDecoder.java:501)
	at io.netty.handler.codec.ByteToMessageDecoder.callDecode(ByteToMessageDecoder.java:440)
	... 16 more
2021-07-03 15:38:31,387 [ERROR] epollEventLoopGroup-5-2 org.pytorch.serve.wlm.WorkerThread - Unknown exception
io.netty.handler.codec.DecoderException: java.lang.IndexOutOfBoundsException: readerIndex(65533) + length(4) exceeds writerIndex(65536): PooledUnsafeDirectByteBuf(ridx: 65533, widx: 65536, cap: 65536)
	at io.netty.handler.codec.ByteToMessageDecoder.callDecode(ByteToMessageDecoder.java:471)
	at io.netty.handler.codec.ByteToMessageDecoder.channelInputClosed(ByteToMessageDecoder.java:404)
	at io.netty.handler.codec.ByteToMessageDecoder.channelInputClosed(ByteToMessageDecoder.java:371)
	at io.netty.handler.codec.ByteToMessageDecoder.channelInactive(ByteToMessageDecoder.java:354)
	at io.netty.channel.AbstractChannelHandlerContext.invokeChannelInactive(AbstractChannelHandlerContext.java:262)
	at io.netty.channel.AbstractChannelHandlerContext.invokeChannelInactive(AbstractChannelHandlerContext.java:248)
	at io.netty.channel.AbstractChannelHandlerContext.fireChannelInactive(AbstractChannelHandlerContext.java:241)
	at io.netty.channel.DefaultChannelPipeline$HeadContext.channelInactive(DefaultChannelPipeline.java:1405)
	at io.netty.channel.AbstractChannelHandlerContext.invokeChannelInactive(AbstractChannelHandlerContext.java:262)
	at io.netty.channel.AbstractChannelHandlerContext.invokeChannelInactive(AbstractChannelHandlerContext.java:248)
	at io.netty.channel.DefaultChannelPipeline.fireChannelInactive(DefaultChannelPipeline.java:901)
	at io.netty.channel.AbstractChannel$AbstractUnsafe$8.run(AbstractChannel.java:819)
	at io.netty.util.concurrent.AbstractEventExecutor.safeExecute(AbstractEventExecutor.java:164)
	at io.netty.util.concurrent.SingleThreadEventExecutor.runAllTasks(SingleThreadEventExecutor.java:472)
	at io.netty.channel.epoll.EpollEventLoop.run(EpollEventLoop.java:384)
	at io.netty.util.concurrent.SingleThreadEventExecutor$4.run(SingleThreadEventExecutor.java:989)
	at io.netty.util.internal.ThreadExecutorMap$2.run(ThreadExecutorMap.java:74)
	at io.netty.util.concurrent.FastThreadLocalRunnable.run(FastThreadLocalRunnable.java:30)
	at java.base/java.lang.Thread.run(Thread.java:829)
Caused by: java.lang.IndexOutOfBoundsException: readerIndex(65533) + length(4) exceeds writerIndex(65536): PooledUnsafeDirectByteBuf(ridx: 65533, widx: 65536, cap: 65536)
	at io.netty.buffer.AbstractByteBuf.checkReadableBytes0(AbstractByteBuf.java:1478)
	at io.netty.buffer.AbstractByteBuf.readInt(AbstractByteBuf.java:811)
	at org.pytorch.serve.util.codec.ModelResponseDecoder.decode(ModelResponseDecoder.java:56)
	at io.netty.handler.codec.ByteToMessageDecoder.decodeRemovalReentryProtection(ByteToMessageDecoder.java:501)
	at io.netty.handler.codec.ByteToMessageDecoder.callDecode(ByteToMessageDecoder.java:440)
	... 18 more
2021-07-03 15:38:31,398 [WARN ] W-9000-dummy_1.0 org.pytorch.serve.wlm.WorkerLifeCycle - terminateIOStreams() threadName=W-9000-dummy_1.0-stderr
2021-07-03 15:38:31,398 [WARN ] W-9000-dummy_1.0 org.pytorch.serve.wlm.WorkerLifeCycle - terminateIOStreams() threadName=W-9000-dummy_1.0-stdout
2021-07-03 15:38:33,272 [ERROR] epollEventLoopGroup-5-4 org.pytorch.serve.wlm.WorkerThread - Unknown exception
io.netty.handler.codec.DecoderException: java.lang.IndexOutOfBoundsException: readerIndex(65534) + length(4) exceeds writerIndex(65536): PooledUnsafeDirectByteBuf(ridx: 65534, widx: 65536, cap: 65536)
	at io.netty.handler.codec.ByteToMessageDecoder.callDecode(ByteToMessageDecoder.java:471)
	at io.netty.handler.codec.ByteToMessageDecoder.channelRead(ByteToMessageDecoder.java:276)
	at io.netty.channel.AbstractChannelHandlerContext.invokeChannelRead(AbstractChannelHandlerContext.java:379)
	at io.netty.channel.AbstractChannelHandlerContext.invokeChannelRead(AbstractChannelHandlerContext.java:365)
	at io.netty.channel.AbstractChannelHandlerContext.fireChannelRead(AbstractChannelHandlerContext.java:357)
	at io.netty.channel.DefaultChannelPipeline$HeadContext.channelRead(DefaultChannelPipeline.java:1410)
	at io.netty.channel.AbstractChannelHandlerContext.invokeChannelRead(AbstractChannelHandlerContext.java:379)
	at io.netty.channel.AbstractChannelHandlerContext.invokeChannelRead(AbstractChannelHandlerContext.java:365)
	at io.netty.channel.DefaultChannelPipeline.fireChannelRead(DefaultChannelPipeline.java:919)
	at io.netty.channel.epoll.AbstractEpollStreamChannel$EpollStreamUnsafe.epollInReady(AbstractEpollStreamChannel.java:795)
	at io.netty.channel.epoll.EpollDomainSocketChannel$EpollDomainUnsafe.epollInReady(EpollDomainSocketChannel.java:138)
	at io.netty.channel.epoll.EpollEventLoop.processReady(EpollEventLoop.java:475)
	at io.netty.channel.epoll.EpollEventLoop.run(EpollEventLoop.java:378)
	at io.netty.util.concurrent.SingleThreadEventExecutor$4.run(SingleThreadEventExecutor.java:989)
	at io.netty.util.internal.ThreadExecutorMap$2.run(ThreadExecutorMap.java:74)
	at io.netty.util.concurrent.FastThreadLocalRunnable.run(FastThreadLocalRunnable.java:30)
	at java.base/java.lang.Thread.run(Thread.java:829)
Caused by: java.lang.IndexOutOfBoundsException: readerIndex(65534) + length(4) exceeds writerIndex(65536): PooledUnsafeDirectByteBuf(ridx: 65534, widx: 65536, cap: 65536)
	at io.netty.buffer.AbstractByteBuf.checkReadableBytes0(AbstractByteBuf.java:1478)
	at io.netty.buffer.AbstractByteBuf.readInt(AbstractByteBuf.java:811)
	at org.pytorch.serve.util.codec.ModelResponseDecoder.decode(ModelResponseDecoder.java:56)
	at io.netty.handler.codec.ByteToMessageDecoder.decodeRemovalReentryProtection(ByteToMessageDecoder.java:501)
	at io.netty.handler.codec.ByteToMessageDecoder.callDecode(ByteToMessageDecoder.java:440)
	... 16 more
2021-07-03 15:38:33,273 [ERROR] epollEventLoopGroup-5-4 org.pytorch.serve.wlm.WorkerThread - Unknown exception
io.netty.handler.codec.DecoderException: java.lang.IndexOutOfBoundsException: readerIndex(65534) + length(4) exceeds writerIndex(65536): PooledUnsafeDirectByteBuf(ridx: 65534, widx: 65536, cap: 65536)
	at io.netty.handler.codec.ByteToMessageDecoder.callDecode(ByteToMessageDecoder.java:471)
	at io.netty.handler.codec.ByteToMessageDecoder.channelInputClosed(ByteToMessageDecoder.java:404)
	at io.netty.handler.codec.ByteToMessageDecoder.channelInputClosed(ByteToMessageDecoder.java:371)
	at io.netty.handler.codec.ByteToMessageDecoder.channelInactive(ByteToMessageDecoder.java:354)
	at io.netty.channel.AbstractChannelHandlerContext.invokeChannelInactive(AbstractChannelHandlerContext.java:262)
	at io.netty.channel.AbstractChannelHandlerContext.invokeChannelInactive(AbstractChannelHandlerContext.java:248)
	at io.netty.channel.AbstractChannelHandlerContext.fireChannelInactive(AbstractChannelHandlerContext.java:241)
	at io.netty.channel.DefaultChannelPipeline$HeadContext.channelInactive(DefaultChannelPipeline.java:1405)
	at io.netty.channel.AbstractChannelHandlerContext.invokeChannelInactive(AbstractChannelHandlerContext.java:262)
	at io.netty.channel.AbstractChannelHandlerContext.invokeChannelInactive(AbstractChannelHandlerContext.java:248)
	at io.netty.channel.DefaultChannelPipeline.fireChannelInactive(DefaultChannelPipeline.java:901)
	at io.netty.channel.AbstractChannel$AbstractUnsafe$8.run(AbstractChannel.java:819)
	at io.netty.util.concurrent.AbstractEventExecutor.safeExecute(AbstractEventExecutor.java:164)
	at io.netty.util.concurrent.SingleThreadEventExecutor.runAllTasks(SingleThreadEventExecutor.java:472)
	at io.netty.channel.epoll.EpollEventLoop.run(EpollEventLoop.java:384)
	at io.netty.util.concurrent.SingleThreadEventExecutor$4.run(SingleThreadEventExecutor.java:989)
	at io.netty.util.internal.ThreadExecutorMap$2.run(ThreadExecutorMap.java:74)
	at io.netty.util.concurrent.FastThreadLocalRunnable.run(FastThreadLocalRunnable.java:30)
	at java.base/java.lang.Thread.run(Thread.java:829)
Caused by: java.lang.IndexOutOfBoundsException: readerIndex(65534) + length(4) exceeds writerIndex(65536): PooledUnsafeDirectByteBuf(ridx: 65534, widx: 65536, cap: 65536)
	at io.netty.buffer.AbstractByteBuf.checkReadableBytes0(AbstractByteBuf.java:1478)
	at io.netty.buffer.AbstractByteBuf.readInt(AbstractByteBuf.java:811)
	at org.pytorch.serve.util.codec.ModelResponseDecoder.decode(ModelResponseDecoder.java:56)
	at io.netty.handler.codec.ByteToMessageDecoder.decodeRemovalReentryProtection(ByteToMessageDecoder.java:501)
	at io.netty.handler.codec.ByteToMessageDecoder.callDecode(ByteToMessageDecoder.java:440)
	... 18 more
2021-07-03 15:38:33,279 [WARN ] W-9002-dummy_1.0 org.pytorch.serve.wlm.WorkerLifeCycle - terminateIOStreams() threadName=W-9002-dummy_1.0-stderr
2021-07-03 15:38:33,279 [WARN ] W-9002-dummy_1.0 org.pytorch.serve.wlm.WorkerLifeCycle - terminateIOStreams() threadName=W-9002-dummy_1.0-stdout
2021-07-03 15:38:38,921 [ERROR] epollEventLoopGroup-5-5 org.pytorch.serve.wlm.WorkerThread - Unknown exception
io.netty.handler.codec.DecoderException: java.lang.IndexOutOfBoundsException: readerIndex(131071) + length(4) exceeds writerIndex(131072): PooledUnsafeDirectByteBuf(ridx: 131071, widx: 131072, cap: 131072)
	at io.netty.handler.codec.ByteToMessageDecoder.callDecode(ByteToMessageDecoder.java:471)
	at io.netty.handler.codec.ByteToMessageDecoder.channelRead(ByteToMessageDecoder.java:276)
	at io.netty.channel.AbstractChannelHandlerContext.invokeChannelRead(AbstractChannelHandlerContext.java:379)
	at io.netty.channel.AbstractChannelHandlerContext.invokeChannelRead(AbstractChannelHandlerContext.java:365)
	at io.netty.channel.AbstractChannelHandlerContext.fireChannelRead(AbstractChannelHandlerContext.java:357)
	at io.netty.channel.DefaultChannelPipeline$HeadContext.channelRead(DefaultChannelPipeline.java:1410)
	at io.netty.channel.AbstractChannelHandlerContext.invokeChannelRead(AbstractChannelHandlerContext.java:379)
	at io.netty.channel.AbstractChannelHandlerContext.invokeChannelRead(AbstractChannelHandlerContext.java:365)
	at io.netty.channel.DefaultChannelPipeline.fireChannelRead(DefaultChannelPipeline.java:919)
	at io.netty.channel.epoll.AbstractEpollStreamChannel$EpollStreamUnsafe.epollInReady(AbstractEpollStreamChannel.java:795)
	at io.netty.channel.epoll.EpollDomainSocketChannel$EpollDomainUnsafe.epollInReady(EpollDomainSocketChannel.java:138)
	at io.netty.channel.epoll.EpollEventLoop.processReady(EpollEventLoop.java:475)
	at io.netty.channel.epoll.EpollEventLoop.run(EpollEventLoop.java:378)
	at io.netty.util.concurrent.SingleThreadEventExecutor$4.run(SingleThreadEventExecutor.java:989)
	at io.netty.util.internal.ThreadExecutorMap$2.run(ThreadExecutorMap.java:74)
	at io.netty.util.concurrent.FastThreadLocalRunnable.run(FastThreadLocalRunnable.java:30)
	at java.base/java.lang.Thread.run(Thread.java:829)
Caused by: java.lang.IndexOutOfBoundsException: readerIndex(131071) + length(4) exceeds writerIndex(131072): PooledUnsafeDirectByteBuf(ridx: 131071, widx: 131072, cap: 131072)
	at io.netty.buffer.AbstractByteBuf.checkReadableBytes0(AbstractByteBuf.java:1478)
	at io.netty.buffer.AbstractByteBuf.readInt(AbstractByteBuf.java:811)
	at org.pytorch.serve.util.codec.ModelResponseDecoder.decode(ModelResponseDecoder.java:56)
	at io.netty.handler.codec.ByteToMessageDecoder.decodeRemovalReentryProtection(ByteToMessageDecoder.java:501)
	at io.netty.handler.codec.ByteToMessageDecoder.callDecode(ByteToMessageDecoder.java:440)
	... 16 more
2021-07-03 15:38:38,922 [ERROR] epollEventLoopGroup-5-5 org.pytorch.serve.wlm.WorkerThread - Unknown exception
io.netty.handler.codec.DecoderException: java.lang.IndexOutOfBoundsException: readerIndex(131071) + length(4) exceeds writerIndex(131072): PooledUnsafeDirectByteBuf(ridx: 131071, widx: 131072, cap: 131072)
	at io.netty.handler.codec.ByteToMessageDecoder.callDecode(ByteToMessageDecoder.java:471)
	at io.netty.handler.codec.ByteToMessageDecoder.channelInputClosed(ByteToMessageDecoder.java:404)
	at io.netty.handler.codec.ByteToMessageDecoder.channelInputClosed(ByteToMessageDecoder.java:371)
	at io.netty.handler.codec.ByteToMessageDecoder.channelInactive(ByteToMessageDecoder.java:354)
	at io.netty.channel.AbstractChannelHandlerContext.invokeChannelInactive(AbstractChannelHandlerContext.java:262)
	at io.netty.channel.AbstractChannelHandlerContext.invokeChannelInactive(AbstractChannelHandlerContext.java:248)
	at io.netty.channel.AbstractChannelHandlerContext.fireChannelInactive(AbstractChannelHandlerContext.java:241)
	at io.netty.channel.DefaultChannelPipeline$HeadContext.channelInactive(DefaultChannelPipeline.java:1405)
	at io.netty.channel.AbstractChannelHandlerContext.invokeChannelInactive(AbstractChannelHandlerContext.java:262)
	at io.netty.channel.AbstractChannelHandlerContext.invokeChannelInactive(AbstractChannelHandlerContext.java:248)
	at io.netty.channel.DefaultChannelPipeline.fireChannelInactive(DefaultChannelPipeline.java:901)
	at io.netty.channel.AbstractChannel$AbstractUnsafe$8.run(AbstractChannel.java:819)
	at io.netty.util.concurrent.AbstractEventExecutor.safeExecute(AbstractEventExecutor.java:164)
	at io.netty.util.concurrent.SingleThreadEventExecutor.runAllTasks(SingleThreadEventExecutor.java:472)
	at io.netty.channel.epoll.EpollEventLoop.run(EpollEventLoop.java:384)
	at io.netty.util.concurrent.SingleThreadEventExecutor$4.run(SingleThreadEventExecutor.java:989)
	at io.netty.util.internal.ThreadExecutorMap$2.run(ThreadExecutorMap.java:74)
	at io.netty.util.concurrent.FastThreadLocalRunnable.run(FastThreadLocalRunnable.java:30)
	at java.base/java.lang.Thread.run(Thread.java:829)
Caused by: java.lang.IndexOutOfBoundsException: readerIndex(131071) + length(4) exceeds writerIndex(131072): PooledUnsafeDirectByteBuf(ridx: 131071, widx: 131072, cap: 131072)
	at io.netty.buffer.AbstractByteBuf.checkReadableBytes0(AbstractByteBuf.java:1478)
	at io.netty.buffer.AbstractByteBuf.readInt(AbstractByteBuf.java:811)
	at org.pytorch.serve.util.codec.ModelResponseDecoder.decode(ModelResponseDecoder.java:56)
	at io.netty.handler.codec.ByteToMessageDecoder.decodeRemovalReentryProtection(ByteToMessageDecoder.java:501)
	at io.netty.handler.codec.ByteToMessageDecoder.callDecode(ByteToMessageDecoder.java:440)
	... 18 more
2021-07-03 15:38:38,926 [WARN ] W-9001-dummy_1.0 org.pytorch.serve.wlm.WorkerLifeCycle - terminateIOStreams() threadName=W-9001-dummy_1.0-stderr
2021-07-03 15:38:38,926 [WARN ] W-9001-dummy_1.0 org.pytorch.serve.wlm.WorkerLifeCycle - terminateIOStreams() threadName=W-9001-dummy_1.0-stdout
2021-07-03 15:38:41,170 [ERROR] epollEventLoopGroup-5-8 org.pytorch.serve.wlm.WorkerThread - Unknown exception
io.netty.handler.codec.DecoderException: java.lang.IndexOutOfBoundsException: readerIndex(131072) + length(4) exceeds writerIndex(131072): PooledUnsafeDirectByteBuf(ridx: 131072, widx: 131072, cap: 131072)
	at io.netty.handler.codec.ByteToMessageDecoder.callDecode(ByteToMessageDecoder.java:471)
	at io.netty.handler.codec.ByteToMessageDecoder.channelRead(ByteToMessageDecoder.java:276)
	at io.netty.channel.AbstractChannelHandlerContext.invokeChannelRead(AbstractChannelHandlerContext.java:379)
	at io.netty.channel.AbstractChannelHandlerContext.invokeChannelRead(AbstractChannelHandlerContext.java:365)
	at io.netty.channel.AbstractChannelHandlerContext.fireChannelRead(AbstractChannelHandlerContext.java:357)
	at io.netty.channel.DefaultChannelPipeline$HeadContext.channelRead(DefaultChannelPipeline.java:1410)
	at io.netty.channel.AbstractChannelHandlerContext.invokeChannelRead(AbstractChannelHandlerContext.java:379)
	at io.netty.channel.AbstractChannelHandlerContext.invokeChannelRead(AbstractChannelHandlerContext.java:365)
	at io.netty.channel.DefaultChannelPipeline.fireChannelRead(DefaultChannelPipeline.java:919)
	at io.netty.channel.epoll.AbstractEpollStreamChannel$EpollStreamUnsafe.epollInReady(AbstractEpollStreamChannel.java:795)
	at io.netty.channel.epoll.EpollDomainSocketChannel$EpollDomainUnsafe.epollInReady(EpollDomainSocketChannel.java:138)
	at io.netty.channel.epoll.EpollEventLoop.processReady(EpollEventLoop.java:475)
	at io.netty.channel.epoll.EpollEventLoop.run(EpollEventLoop.java:378)
	at io.netty.util.concurrent.SingleThreadEventExecutor$4.run(SingleThreadEventExecutor.java:989)
	at io.netty.util.internal.ThreadExecutorMap$2.run(ThreadExecutorMap.java:74)
	at io.netty.util.concurrent.FastThreadLocalRunnable.run(FastThreadLocalRunnable.java:30)
	at java.base/java.lang.Thread.run(Thread.java:829)
Caused by: java.lang.IndexOutOfBoundsException: readerIndex(131072) + length(4) exceeds writerIndex(131072): PooledUnsafeDirectByteBuf(ridx: 131072, widx: 131072, cap: 131072)
	at io.netty.buffer.AbstractByteBuf.checkReadableBytes0(AbstractByteBuf.java:1478)
	at io.netty.buffer.AbstractByteBuf.readInt(AbstractByteBuf.java:811)
	at org.pytorch.serve.util.codec.ModelResponseDecoder.decode(ModelResponseDecoder.java:56)
	at io.netty.handler.codec.ByteToMessageDecoder.decodeRemovalReentryProtection(ByteToMessageDecoder.java:501)
	at io.netty.handler.codec.ByteToMessageDecoder.callDecode(ByteToMessageDecoder.java:440)
	... 16 more
2021-07-03 15:38:41,171 [ERROR] epollEventLoopGroup-5-8 org.pytorch.serve.wlm.WorkerThread - Unknown exception
io.netty.handler.codec.DecoderException: java.lang.IndexOutOfBoundsException: readerIndex(131072) + length(4) exceeds writerIndex(131072): PooledUnsafeDirectByteBuf(ridx: 131072, widx: 131072, cap: 131072)
	at io.netty.handler.codec.ByteToMessageDecoder.callDecode(ByteToMessageDecoder.java:471)
	at io.netty.handler.codec.ByteToMessageDecoder.channelInputClosed(ByteToMessageDecoder.java:404)
	at io.netty.handler.codec.ByteToMessageDecoder.channelInputClosed(ByteToMessageDecoder.java:371)
	at io.netty.handler.codec.ByteToMessageDecoder.channelInactive(ByteToMessageDecoder.java:354)
	at io.netty.channel.AbstractChannelHandlerContext.invokeChannelInactive(AbstractChannelHandlerContext.java:262)
	at io.netty.channel.AbstractChannelHandlerContext.invokeChannelInactive(AbstractChannelHandlerContext.java:248)
	at io.netty.channel.AbstractChannelHandlerContext.fireChannelInactive(AbstractChannelHandlerContext.java:241)
	at io.netty.channel.DefaultChannelPipeline$HeadContext.channelInactive(DefaultChannelPipeline.java:1405)
	at io.netty.channel.AbstractChannelHandlerContext.invokeChannelInactive(AbstractChannelHandlerContext.java:262)
	at io.netty.channel.AbstractChannelHandlerContext.invokeChannelInactive(AbstractChannelHandlerContext.java:248)
	at io.netty.channel.DefaultChannelPipeline.fireChannelInactive(DefaultChannelPipeline.java:901)
	at io.netty.channel.AbstractChannel$AbstractUnsafe$8.run(AbstractChannel.java:819)
	at io.netty.util.concurrent.AbstractEventExecutor.safeExecute(AbstractEventExecutor.java:164)
	at io.netty.util.concurrent.SingleThreadEventExecutor.runAllTasks(SingleThreadEventExecutor.java:472)
	at io.netty.channel.epoll.EpollEventLoop.run(EpollEventLoop.java:384)
	at io.netty.util.concurrent.SingleThreadEventExecutor$4.run(SingleThreadEventExecutor.java:989)
	at io.netty.util.internal.ThreadExecutorMap$2.run(ThreadExecutorMap.java:74)
	at io.netty.util.concurrent.FastThreadLocalRunnable.run(FastThreadLocalRunnable.java:30)
	at java.base/java.lang.Thread.run(Thread.java:829)
Caused by: java.lang.IndexOutOfBoundsException: readerIndex(131072) + length(4) exceeds writerIndex(131072): PooledUnsafeDirectByteBuf(ridx: 131072, widx: 131072, cap: 131072)
	at io.netty.buffer.AbstractByteBuf.checkReadableBytes0(AbstractByteBuf.java:1478)
	at io.netty.buffer.AbstractByteBuf.readInt(AbstractByteBuf.java:811)
	at org.pytorch.serve.util.codec.ModelResponseDecoder.decode(ModelResponseDecoder.java:56)
	at io.netty.handler.codec.ByteToMessageDecoder.decodeRemovalReentryProtection(ByteToMessageDecoder.java:501)
	at io.netty.handler.codec.ByteToMessageDecoder.callDecode(ByteToMessageDecoder.java:440)
	... 18 more
2021-07-03 15:38:41,177 [WARN ] W-9001-dummy_1.0 org.pytorch.serve.wlm.WorkerLifeCycle - terminateIOStreams() threadName=W-9001-dummy_1.0-stderr
2021-07-03 15:38:41,177 [WARN ] W-9001-dummy_1.0 org.pytorch.serve.wlm.WorkerLifeCycle - terminateIOStreams() threadName=W-9001-dummy_1.0-stdout
2021-07-03 15:38:47,506 [ERROR] epollEventLoopGroup-5-7 org.pytorch.serve.wlm.WorkerThread - Unknown exception
io.netty.handler.codec.DecoderException: java.lang.IndexOutOfBoundsException: readerIndex(196606) + length(4) exceeds writerIndex(196608): PooledUnsafeDirectByteBuf(ridx: 196606, widx: 196608, cap: 262144)
	at io.netty.handler.codec.ByteToMessageDecoder.callDecode(ByteToMessageDecoder.java:471)
	at io.netty.handler.codec.ByteToMessageDecoder.channelRead(ByteToMessageDecoder.java:276)
	at io.netty.channel.AbstractChannelHandlerContext.invokeChannelRead(AbstractChannelHandlerContext.java:379)
	at io.netty.channel.AbstractChannelHandlerContext.invokeChannelRead(AbstractChannelHandlerContext.java:365)
	at io.netty.channel.AbstractChannelHandlerContext.fireChannelRead(AbstractChannelHandlerContext.java:357)
	at io.netty.channel.DefaultChannelPipeline$HeadContext.channelRead(DefaultChannelPipeline.java:1410)
	at io.netty.channel.AbstractChannelHandlerContext.invokeChannelRead(AbstractChannelHandlerContext.java:379)
	at io.netty.channel.AbstractChannelHandlerContext.invokeChannelRead(AbstractChannelHandlerContext.java:365)
	at io.netty.channel.DefaultChannelPipeline.fireChannelRead(DefaultChannelPipeline.java:919)
	at io.netty.channel.epoll.AbstractEpollStreamChannel$EpollStreamUnsafe.epollInReady(AbstractEpollStreamChannel.java:795)
	at io.netty.channel.epoll.EpollDomainSocketChannel$EpollDomainUnsafe.epollInReady(EpollDomainSocketChannel.java:138)
	at io.netty.channel.epoll.EpollEventLoop.processReady(EpollEventLoop.java:475)
	at io.netty.channel.epoll.EpollEventLoop.run(EpollEventLoop.java:378)
	at io.netty.util.concurrent.SingleThreadEventExecutor$4.run(SingleThreadEventExecutor.java:989)
	at io.netty.util.internal.ThreadExecutorMap$2.run(ThreadExecutorMap.java:74)
	at io.netty.util.concurrent.FastThreadLocalRunnable.run(FastThreadLocalRunnable.java:30)
	at java.base/java.lang.Thread.run(Thread.java:829)
Caused by: java.lang.IndexOutOfBoundsException: readerIndex(196606) + length(4) exceeds writerIndex(196608): PooledUnsafeDirectByteBuf(ridx: 196606, widx: 196608, cap: 262144)
	at io.netty.buffer.AbstractByteBuf.checkReadableBytes0(AbstractByteBuf.java:1478)
	at io.netty.buffer.AbstractByteBuf.readInt(AbstractByteBuf.java:811)
	at org.pytorch.serve.util.codec.ModelResponseDecoder.decode(ModelResponseDecoder.java:56)
	at io.netty.handler.codec.ByteToMessageDecoder.decodeRemovalReentryProtection(ByteToMessageDecoder.java:501)
	at io.netty.handler.codec.ByteToMessageDecoder.callDecode(ByteToMessageDecoder.java:440)
	... 16 more
2021-07-03 15:38:47,508 [ERROR] epollEventLoopGroup-5-7 org.pytorch.serve.wlm.WorkerThread - Unknown exception
io.netty.handler.codec.DecoderException: java.lang.IndexOutOfBoundsException: readerIndex(196606) + length(4) exceeds writerIndex(196608): PooledUnsafeDirectByteBuf(ridx: 196606, widx: 196608, cap: 262144)
	at io.netty.handler.codec.ByteToMessageDecoder.callDecode(ByteToMessageDecoder.java:471)
	at io.netty.handler.codec.ByteToMessageDecoder.channelInputClosed(ByteToMessageDecoder.java:404)
	at io.netty.handler.codec.ByteToMessageDecoder.channelInputClosed(ByteToMessageDecoder.java:371)
	at io.netty.handler.codec.ByteToMessageDecoder.channelInactive(ByteToMessageDecoder.java:354)
	at io.netty.channel.AbstractChannelHandlerContext.invokeChannelInactive(AbstractChannelHandlerContext.java:262)
	at io.netty.channel.AbstractChannelHandlerContext.invokeChannelInactive(AbstractChannelHandlerContext.java:248)
	at io.netty.channel.AbstractChannelHandlerContext.fireChannelInactive(AbstractChannelHandlerContext.java:241)
	at io.netty.channel.DefaultChannelPipeline$HeadContext.channelInactive(DefaultChannelPipeline.java:1405)
	at io.netty.channel.AbstractChannelHandlerContext.invokeChannelInactive(AbstractChannelHandlerContext.java:262)
	at io.netty.channel.AbstractChannelHandlerContext.invokeChannelInactive(AbstractChannelHandlerContext.java:248)
	at io.netty.channel.DefaultChannelPipeline.fireChannelInactive(DefaultChannelPipeline.java:901)
	at io.netty.channel.AbstractChannel$AbstractUnsafe$8.run(AbstractChannel.java:819)
	at io.netty.util.concurrent.AbstractEventExecutor.safeExecute(AbstractEventExecutor.java:164)
	at io.netty.util.concurrent.SingleThreadEventExecutor.runAllTasks(SingleThreadEventExecutor.java:472)
	at io.netty.channel.epoll.EpollEventLoop.run(EpollEventLoop.java:384)
	at io.netty.util.concurrent.SingleThreadEventExecutor$4.run(SingleThreadEventExecutor.java:989)
	at io.netty.util.internal.ThreadExecutorMap$2.run(ThreadExecutorMap.java:74)
	at io.netty.util.concurrent.FastThreadLocalRunnable.run(FastThreadLocalRunnable.java:30)
	at java.base/java.lang.Thread.run(Thread.java:829)
Caused by: java.lang.IndexOutOfBoundsException: readerIndex(196606) + length(4) exceeds writerIndex(196608): PooledUnsafeDirectByteBuf(ridx: 196606, widx: 196608, cap: 262144)
	at io.netty.buffer.AbstractByteBuf.checkReadableBytes0(AbstractByteBuf.java:1478)
	at io.netty.buffer.AbstractByteBuf.readInt(AbstractByteBuf.java:811)
	at org.pytorch.serve.util.codec.ModelResponseDecoder.decode(ModelResponseDecoder.java:56)
	at io.netty.handler.codec.ByteToMessageDecoder.decodeRemovalReentryProtection(ByteToMessageDecoder.java:501)
	at io.netty.handler.codec.ByteToMessageDecoder.callDecode(ByteToMessageDecoder.java:440)
	... 18 more
2021-07-03 15:38:47,510 [WARN ] W-9002-dummy_1.0 org.pytorch.serve.wlm.WorkerLifeCycle - terminateIOStreams() threadName=W-9002-dummy_1.0-stderr
2021-07-03 15:38:47,510 [WARN ] W-9002-dummy_1.0 org.pytorch.serve.wlm.WorkerLifeCycle - terminateIOStreams() threadName=W-9002-dummy_1.0-stdout
2021-07-03 15:38:48,702 [ERROR] epollEventLoopGroup-5-6 org.pytorch.serve.wlm.WorkerThread - Unknown exception
io.netty.handler.codec.DecoderException: java.lang.IndexOutOfBoundsException: readerIndex(65536) + length(4) exceeds writerIndex(65536): PooledUnsafeDirectByteBuf(ridx: 65536, widx: 65536, cap: 65536)
	at io.netty.handler.codec.ByteToMessageDecoder.callDecode(ByteToMessageDecoder.java:471)
	at io.netty.handler.codec.ByteToMessageDecoder.channelRead(ByteToMessageDecoder.java:276)
	at io.netty.channel.AbstractChannelHandlerContext.invokeChannelRead(AbstractChannelHandlerContext.java:379)
	at io.netty.channel.AbstractChannelHandlerContext.invokeChannelRead(AbstractChannelHandlerContext.java:365)
	at io.netty.channel.AbstractChannelHandlerContext.fireChannelRead(AbstractChannelHandlerContext.java:357)
	at io.netty.channel.DefaultChannelPipeline$HeadContext.channelRead(DefaultChannelPipeline.java:1410)
	at io.netty.channel.AbstractChannelHandlerContext.invokeChannelRead(AbstractChannelHandlerContext.java:379)
	at io.netty.channel.AbstractChannelHandlerContext.invokeChannelRead(AbstractChannelHandlerContext.java:365)
	at io.netty.channel.DefaultChannelPipeline.fireChannelRead(DefaultChannelPipeline.java:919)
	at io.netty.channel.epoll.AbstractEpollStreamChannel$EpollStreamUnsafe.epollInReady(AbstractEpollStreamChannel.java:795)
	at io.netty.channel.epoll.EpollDomainSocketChannel$EpollDomainUnsafe.epollInReady(EpollDomainSocketChannel.java:138)
	at io.netty.channel.epoll.EpollEventLoop.processReady(EpollEventLoop.java:475)
	at io.netty.channel.epoll.EpollEventLoop.run(EpollEventLoop.java:378)
	at io.netty.util.concurrent.SingleThreadEventExecutor$4.run(SingleThreadEventExecutor.java:989)
	at io.netty.util.internal.ThreadExecutorMap$2.run(ThreadExecutorMap.java:74)
	at io.netty.util.concurrent.FastThreadLocalRunnable.run(FastThreadLocalRunnable.java:30)
	at java.base/java.lang.Thread.run(Thread.java:829)
Caused by: java.lang.IndexOutOfBoundsException: readerIndex(65536) + length(4) exceeds writerIndex(65536): PooledUnsafeDirectByteBuf(ridx: 65536, widx: 65536, cap: 65536)
	at io.netty.buffer.AbstractByteBuf.checkReadableBytes0(AbstractByteBuf.java:1478)
	at io.netty.buffer.AbstractByteBuf.readInt(AbstractByteBuf.java:811)
	at org.pytorch.serve.util.codec.ModelResponseDecoder.decode(ModelResponseDecoder.java:56)
	at io.netty.handler.codec.ByteToMessageDecoder.decodeRemovalReentryProtection(ByteToMessageDecoder.java:501)
	at io.netty.handler.codec.ByteToMessageDecoder.callDecode(ByteToMessageDecoder.java:440)
	... 16 more
2021-07-03 15:38:48,702 [ERROR] epollEventLoopGroup-5-6 org.pytorch.serve.wlm.WorkerThread - Unknown exception
io.netty.handler.codec.DecoderException: java.lang.IndexOutOfBoundsException: readerIndex(65536) + length(4) exceeds writerIndex(65536): PooledUnsafeDirectByteBuf(ridx: 65536, widx: 65536, cap: 65536)
	at io.netty.handler.codec.ByteToMessageDecoder.callDecode(ByteToMessageDecoder.java:471)
	at io.netty.handler.codec.ByteToMessageDecoder.channelInputClosed(ByteToMessageDecoder.java:404)
	at io.netty.handler.codec.ByteToMessageDecoder.channelInputClosed(ByteToMessageDecoder.java:371)
	at io.netty.handler.codec.ByteToMessageDecoder.channelInactive(ByteToMessageDecoder.java:354)
	at io.netty.channel.AbstractChannelHandlerContext.invokeChannelInactive(AbstractChannelHandlerContext.java:262)
	at io.netty.channel.AbstractChannelHandlerContext.invokeChannelInactive(AbstractChannelHandlerContext.java:248)
	at io.netty.channel.AbstractChannelHandlerContext.fireChannelInactive(AbstractChannelHandlerContext.java:241)
	at io.netty.channel.DefaultChannelPipeline$HeadContext.channelInactive(DefaultChannelPipeline.java:1405)
	at io.netty.channel.AbstractChannelHandlerContext.invokeChannelInactive(AbstractChannelHandlerContext.java:262)
	at io.netty.channel.AbstractChannelHandlerContext.invokeChannelInactive(AbstractChannelHandlerContext.java:248)
	at io.netty.channel.DefaultChannelPipeline.fireChannelInactive(DefaultChannelPipeline.java:901)
	at io.netty.channel.AbstractChannel$AbstractUnsafe$8.run(AbstractChannel.java:819)
	at io.netty.util.concurrent.AbstractEventExecutor.safeExecute(AbstractEventExecutor.java:164)
	at io.netty.util.concurrent.SingleThreadEventExecutor.runAllTasks(SingleThreadEventExecutor.java:472)
	at io.netty.channel.epoll.EpollEventLoop.run(EpollEventLoop.java:384)
	at io.netty.util.concurrent.SingleThreadEventExecutor$4.run(SingleThreadEventExecutor.java:989)
	at io.netty.util.internal.ThreadExecutorMap$2.run(ThreadExecutorMap.java:74)
	at io.netty.util.concurrent.FastThreadLocalRunnable.run(FastThreadLocalRunnable.java:30)
	at java.base/java.lang.Thread.run(Thread.java:829)
Caused by: java.lang.IndexOutOfBoundsException: readerIndex(65536) + length(4) exceeds writerIndex(65536): PooledUnsafeDirectByteBuf(ridx: 65536, widx: 65536, cap: 65536)
	at io.netty.buffer.AbstractByteBuf.checkReadableBytes0(AbstractByteBuf.java:1478)
	at io.netty.buffer.AbstractByteBuf.readInt(AbstractByteBuf.java:811)
	at org.pytorch.serve.util.codec.ModelResponseDecoder.decode(ModelResponseDecoder.java:56)
	at io.netty.handler.codec.ByteToMessageDecoder.decodeRemovalReentryProtection(ByteToMessageDecoder.java:501)
	at io.netty.handler.codec.ByteToMessageDecoder.callDecode(ByteToMessageDecoder.java:440)
	... 18 more
2021-07-03 15:38:48,706 [WARN ] W-9000-dummy_1.0 org.pytorch.serve.wlm.WorkerLifeCycle - terminateIOStreams() threadName=W-9000-dummy_1.0-stderr
2021-07-03 15:38:48,706 [WARN ] W-9000-dummy_1.0 org.pytorch.serve.wlm.WorkerLifeCycle - terminateIOStreams() threadName=W-9000-dummy_1.0-stdout
2021-07-03 15:38:55,999 [ERROR] epollEventLoopGroup-5-10 org.pytorch.serve.wlm.WorkerThread - Unknown exception
io.netty.handler.codec.DecoderException: java.lang.IndexOutOfBoundsException: readerIndex(131072) + length(4) exceeds writerIndex(131072): PooledUnsafeDirectByteBuf(ridx: 131072, widx: 131072, cap: 131072)
	at io.netty.handler.codec.ByteToMessageDecoder.callDecode(ByteToMessageDecoder.java:471)
	at io.netty.handler.codec.ByteToMessageDecoder.channelRead(ByteToMessageDecoder.java:276)
	at io.netty.channel.AbstractChannelHandlerContext.invokeChannelRead(AbstractChannelHandlerContext.java:379)
	at io.netty.channel.AbstractChannelHandlerContext.invokeChannelRead(AbstractChannelHandlerContext.java:365)
	at io.netty.channel.AbstractChannelHandlerContext.fireChannelRead(AbstractChannelHandlerContext.java:357)
	at io.netty.channel.DefaultChannelPipeline$HeadContext.channelRead(DefaultChannelPipeline.java:1410)
	at io.netty.channel.AbstractChannelHandlerContext.invokeChannelRead(AbstractChannelHandlerContext.java:379)
	at io.netty.channel.AbstractChannelHandlerContext.invokeChannelRead(AbstractChannelHandlerContext.java:365)
	at io.netty.channel.DefaultChannelPipeline.fireChannelRead(DefaultChannelPipeline.java:919)
	at io.netty.channel.epoll.AbstractEpollStreamChannel$EpollStreamUnsafe.epollInReady(AbstractEpollStreamChannel.java:795)
	at io.netty.channel.epoll.EpollDomainSocketChannel$EpollDomainUnsafe.epollInReady(EpollDomainSocketChannel.java:138)
	at io.netty.channel.epoll.EpollEventLoop.processReady(EpollEventLoop.java:475)
	at io.netty.channel.epoll.EpollEventLoop.run(EpollEventLoop.java:378)
	at io.netty.util.concurrent.SingleThreadEventExecutor$4.run(SingleThreadEventExecutor.java:989)
	at io.netty.util.internal.ThreadExecutorMap$2.run(ThreadExecutorMap.java:74)
	at io.netty.util.concurrent.FastThreadLocalRunnable.run(FastThreadLocalRunnable.java:30)
	at java.base/java.lang.Thread.run(Thread.java:829)
Caused by: java.lang.IndexOutOfBoundsException: readerIndex(131072) + length(4) exceeds writerIndex(131072): PooledUnsafeDirectByteBuf(ridx: 131072, widx: 131072, cap: 131072)
	at io.netty.buffer.AbstractByteBuf.checkReadableBytes0(AbstractByteBuf.java:1478)
	at io.netty.buffer.AbstractByteBuf.readInt(AbstractByteBuf.java:811)
	at org.pytorch.serve.util.codec.ModelResponseDecoder.decode(ModelResponseDecoder.java:56)
	at io.netty.handler.codec.ByteToMessageDecoder.decodeRemovalReentryProtection(ByteToMessageDecoder.java:501)
	at io.netty.handler.codec.ByteToMessageDecoder.callDecode(ByteToMessageDecoder.java:440)
	... 16 more
2021-07-03 15:38:56,000 [ERROR] epollEventLoopGroup-5-10 org.pytorch.serve.wlm.WorkerThread - Unknown exception
io.netty.handler.codec.DecoderException: java.lang.IndexOutOfBoundsException: readerIndex(131072) + length(4) exceeds writerIndex(131072): PooledUnsafeDirectByteBuf(ridx: 131072, widx: 131072, cap: 131072)
	at io.netty.handler.codec.ByteToMessageDecoder.callDecode(ByteToMessageDecoder.java:471)
	at io.netty.handler.codec.ByteToMessageDecoder.channelInputClosed(ByteToMessageDecoder.java:404)
	at io.netty.handler.codec.ByteToMessageDecoder.channelInputClosed(ByteToMessageDecoder.java:371)
	at io.netty.handler.codec.ByteToMessageDecoder.channelInactive(ByteToMessageDecoder.java:354)
	at io.netty.channel.AbstractChannelHandlerContext.invokeChannelInactive(AbstractChannelHandlerContext.java:262)
	at io.netty.channel.AbstractChannelHandlerContext.invokeChannelInactive(AbstractChannelHandlerContext.java:248)
	at io.netty.channel.AbstractChannelHandlerContext.fireChannelInactive(AbstractChannelHandlerContext.java:241)
	at io.netty.channel.DefaultChannelPipeline$HeadContext.channelInactive(DefaultChannelPipeline.java:1405)
	at io.netty.channel.AbstractChannelHandlerContext.invokeChannelInactive(AbstractChannelHandlerContext.java:262)
	at io.netty.channel.AbstractChannelHandlerContext.invokeChannelInactive(AbstractChannelHandlerContext.java:248)
	at io.netty.channel.DefaultChannelPipeline.fireChannelInactive(DefaultChannelPipeline.java:901)
	at io.netty.channel.AbstractChannel$AbstractUnsafe$8.run(AbstractChannel.java:819)
	at io.netty.util.concurrent.AbstractEventExecutor.safeExecute(AbstractEventExecutor.java:164)
	at io.netty.util.concurrent.SingleThreadEventExecutor.runAllTasks(SingleThreadEventExecutor.java:472)
	at io.netty.channel.epoll.EpollEventLoop.run(EpollEventLoop.java:384)
	at io.netty.util.concurrent.SingleThreadEventExecutor$4.run(SingleThreadEventExecutor.java:989)
	at io.netty.util.internal.ThreadExecutorMap$2.run(ThreadExecutorMap.java:74)
	at io.netty.util.concurrent.FastThreadLocalRunnable.run(FastThreadLocalRunnable.java:30)
	at java.base/java.lang.Thread.run(Thread.java:829)
Caused by: java.lang.IndexOutOfBoundsException: readerIndex(131072) + length(4) exceeds writerIndex(131072): PooledUnsafeDirectByteBuf(ridx: 131072, widx: 131072, cap: 131072)
	at io.netty.buffer.AbstractByteBuf.checkReadableBytes0(AbstractByteBuf.java:1478)
	at io.netty.buffer.AbstractByteBuf.readInt(AbstractByteBuf.java:811)
	at org.pytorch.serve.util.codec.ModelResponseDecoder.decode(ModelResponseDecoder.java:56)
	at io.netty.handler.codec.ByteToMessageDecoder.decodeRemovalReentryProtection(ByteToMessageDecoder.java:501)
	at io.netty.handler.codec.ByteToMessageDecoder.callDecode(ByteToMessageDecoder.java:440)
	... 18 more
2021-07-03 15:38:56,002 [WARN ] W-9002-dummy_1.0 org.pytorch.serve.wlm.WorkerLifeCycle - terminateIOStreams() threadName=W-9002-dummy_1.0-stderr
2021-07-03 15:38:56,003 [WARN ] W-9002-dummy_1.0 org.pytorch.serve.wlm.WorkerLifeCycle - terminateIOStreams() threadName=W-9002-dummy_1.0-stdout
2021-07-03 15:38:56,449 [ERROR] epollEventLoopGroup-5-11 org.pytorch.serve.wlm.WorkerThread - Unknown exception
io.netty.handler.codec.DecoderException: java.lang.IndexOutOfBoundsException: readerIndex(196607) + length(4) exceeds writerIndex(196608): PooledUnsafeDirectByteBuf(ridx: 196607, widx: 196608, cap: 262144)
	at io.netty.handler.codec.ByteToMessageDecoder.callDecode(ByteToMessageDecoder.java:471)
	at io.netty.handler.codec.ByteToMessageDecoder.channelRead(ByteToMessageDecoder.java:276)
	at io.netty.channel.AbstractChannelHandlerContext.invokeChannelRead(AbstractChannelHandlerContext.java:379)
	at io.netty.channel.AbstractChannelHandlerContext.invokeChannelRead(AbstractChannelHandlerContext.java:365)
	at io.netty.channel.AbstractChannelHandlerContext.fireChannelRead(AbstractChannelHandlerContext.java:357)
	at io.netty.channel.DefaultChannelPipeline$HeadContext.channelRead(DefaultChannelPipeline.java:1410)
	at io.netty.channel.AbstractChannelHandlerContext.invokeChannelRead(AbstractChannelHandlerContext.java:379)
	at io.netty.channel.AbstractChannelHandlerContext.invokeChannelRead(AbstractChannelHandlerContext.java:365)
	at io.netty.channel.DefaultChannelPipeline.fireChannelRead(DefaultChannelPipeline.java:919)
	at io.netty.channel.epoll.AbstractEpollStreamChannel$EpollStreamUnsafe.epollInReady(AbstractEpollStreamChannel.java:795)
	at io.netty.channel.epoll.EpollDomainSocketChannel$EpollDomainUnsafe.epollInReady(EpollDomainSocketChannel.java:138)
	at io.netty.channel.epoll.EpollEventLoop.processReady(EpollEventLoop.java:475)
	at io.netty.channel.epoll.EpollEventLoop.run(EpollEventLoop.java:378)
	at io.netty.util.concurrent.SingleThreadEventExecutor$4.run(SingleThreadEventExecutor.java:989)
	at io.netty.util.internal.ThreadExecutorMap$2.run(ThreadExecutorMap.java:74)
	at io.netty.util.concurrent.FastThreadLocalRunnable.run(FastThreadLocalRunnable.java:30)
	at java.base/java.lang.Thread.run(Thread.java:829)
Caused by: java.lang.IndexOutOfBoundsException: readerIndex(196607) + length(4) exceeds writerIndex(196608): PooledUnsafeDirectByteBuf(ridx: 196607, widx: 196608, cap: 262144)
	at io.netty.buffer.AbstractByteBuf.checkReadableBytes0(AbstractByteBuf.java:1478)
	at io.netty.buffer.AbstractByteBuf.readInt(AbstractByteBuf.java:811)
	at org.pytorch.serve.util.codec.ModelResponseDecoder.decode(ModelResponseDecoder.java:56)
	at io.netty.handler.codec.ByteToMessageDecoder.decodeRemovalReentryProtection(ByteToMessageDecoder.java:501)
	at io.netty.handler.codec.ByteToMessageDecoder.callDecode(ByteToMessageDecoder.java:440)
	... 16 more
2021-07-03 15:38:56,450 [ERROR] epollEventLoopGroup-5-11 org.pytorch.serve.wlm.WorkerThread - Unknown exception
io.netty.handler.codec.DecoderException: java.lang.IndexOutOfBoundsException: readerIndex(196607) + length(4) exceeds writerIndex(196608): PooledUnsafeDirectByteBuf(ridx: 196607, widx: 196608, cap: 262144)
	at io.netty.handler.codec.ByteToMessageDecoder.callDecode(ByteToMessageDecoder.java:471)
	at io.netty.handler.codec.ByteToMessageDecoder.channelInputClosed(ByteToMessageDecoder.java:404)
	at io.netty.handler.codec.ByteToMessageDecoder.channelInputClosed(ByteToMessageDecoder.java:371)
	at io.netty.handler.codec.ByteToMessageDecoder.channelInactive(ByteToMessageDecoder.java:354)
	at io.netty.channel.AbstractChannelHandlerContext.invokeChannelInactive(AbstractChannelHandlerContext.java:262)
	at io.netty.channel.AbstractChannelHandlerContext.invokeChannelInactive(AbstractChannelHandlerContext.java:248)
	at io.netty.channel.AbstractChannelHandlerContext.fireChannelInactive(AbstractChannelHandlerContext.java:241)
	at io.netty.channel.DefaultChannelPipeline$HeadContext.channelInactive(DefaultChannelPipeline.java:1405)
	at io.netty.channel.AbstractChannelHandlerContext.invokeChannelInactive(AbstractChannelHandlerContext.java:262)
	at io.netty.channel.AbstractChannelHandlerContext.invokeChannelInactive(AbstractChannelHandlerContext.java:248)
	at io.netty.channel.DefaultChannelPipeline.fireChannelInactive(DefaultChannelPipeline.java:901)
	at io.netty.channel.AbstractChannel$AbstractUnsafe$8.run(AbstractChannel.java:819)
	at io.netty.util.concurrent.AbstractEventExecutor.safeExecute(AbstractEventExecutor.java:164)
	at io.netty.util.concurrent.SingleThreadEventExecutor.runAllTasks(SingleThreadEventExecutor.java:472)
	at io.netty.channel.epoll.EpollEventLoop.run(EpollEventLoop.java:384)
	at io.netty.util.concurrent.SingleThreadEventExecutor$4.run(SingleThreadEventExecutor.java:989)
	at io.netty.util.internal.ThreadExecutorMap$2.run(ThreadExecutorMap.java:74)
	at io.netty.util.concurrent.FastThreadLocalRunnable.run(FastThreadLocalRunnable.java:30)
	at java.base/java.lang.Thread.run(Thread.java:829)
Caused by: java.lang.IndexOutOfBoundsException: readerIndex(196607) + length(4) exceeds writerIndex(196608): PooledUnsafeDirectByteBuf(ridx: 196607, widx: 196608, cap: 262144)
	at io.netty.buffer.AbstractByteBuf.checkReadableBytes0(AbstractByteBuf.java:1478)
	at io.netty.buffer.AbstractByteBuf.readInt(AbstractByteBuf.java:811)
	at org.pytorch.serve.util.codec.ModelResponseDecoder.decode(ModelResponseDecoder.java:56)
	at io.netty.handler.codec.ByteToMessageDecoder.decodeRemovalReentryProtection(ByteToMessageDecoder.java:501)
	at io.netty.handler.codec.ByteToMessageDecoder.callDecode(ByteToMessageDecoder.java:440)
	... 18 more
2021-07-03 15:38:56,456 [WARN ] W-9000-dummy_1.0 org.pytorch.serve.wlm.WorkerLifeCycle - terminateIOStreams() threadName=W-9000-dummy_1.0-stderr
2021-07-03 15:38:56,456 [WARN ] W-9000-dummy_1.0 org.pytorch.serve.wlm.WorkerLifeCycle - terminateIOStreams() threadName=W-9000-dummy_1.0-stdout
